2023.04.23 18:13:51 INFO  Started: Metals version 0.11.12 in workspace '/Users/seoeunhong/Desktop/NYU/Spring2023/BigData/finalCodeDrop/profiling_code/nicole&seoeun' for client Visual Studio Code 1.77.3.
Apr 23, 2023 6:13:51 PM org.flywaydb.core.internal.license.VersionPrinter printVersionOnly
INFO: Flyway Community Edition 9.16.3 by Redgate
Apr 23, 2023 6:13:51 PM org.flywaydb.core.internal.license.VersionPrinter printVersion
INFO: See release notes here: https://rd.gt/416ObMi
Apr 23, 2023 6:13:51 PM org.flywaydb.core.internal.license.VersionPrinter printVersion
INFO: 
Apr 23, 2023 6:13:52 PM org.flywaydb.core.internal.database.base.BaseDatabaseType createDatabase
INFO: Database: jdbc:h2:file:/Users/seoeunhong/Desktop/NYU/Spring2023/BigData/finalCodeDrop/profiling_code/nicole&seoeun/.metals/metals (H2 2.1)
Apr 23, 2023 6:13:52 PM org.flywaydb.core.internal.schemahistory.JdbcTableSchemaHistory allAppliedMigrations
INFO: Schema history table "PUBLIC"."flyway_schema_history" does not exist yet
Apr 23, 2023 6:13:52 PM org.flywaydb.core.internal.command.DbValidate validate
INFO: Successfully validated 4 migrations (execution time 00:00.009s)
Apr 23, 2023 6:13:52 PM org.flywaydb.core.internal.schemahistory.JdbcTableSchemaHistory create
INFO: Creating Schema History table "PUBLIC"."flyway_schema_history" ...
Apr 23, 2023 6:13:52 PM org.flywaydb.core.internal.command.DbMigrate migrateGroup
INFO: Current version of schema "PUBLIC": << Empty Schema >>
Apr 23, 2023 6:13:52 PM org.flywaydb.core.internal.command.DbMigrate doMigrateGroup
INFO: Migrating schema "PUBLIC" to version "1 - Create tables"
Apr 23, 2023 6:13:52 PM org.flywaydb.core.internal.command.DbMigrate doMigrateGroup
INFO: Migrating schema "PUBLIC" to version "2 - Server discovery"
Apr 23, 2023 6:13:52 PM org.flywaydb.core.internal.command.DbMigrate doMigrateGroup
INFO: Migrating schema "PUBLIC" to version "3 - Jar symbols"
Apr 23, 2023 6:13:52 PM org.flywaydb.core.internal.command.DbMigrate doMigrateGroup
INFO: Migrating schema "PUBLIC" to version "4 - Fingerprints"
Apr 23, 2023 6:13:52 PM org.flywaydb.core.internal.command.DbMigrate logSummary
INFO: Successfully applied 4 migrations to schema "PUBLIC", now at version v4 (execution time 00:00.026s)
2023.04.23 18:13:52 INFO  time: initialize in 0.33s
2023.04.23 18:13:53 WARN  Build server is not auto-connectable.
2023.04.23 18:13:53 WARN  no build tool detected in workspace '/Users/seoeunhong/Desktop/NYU/Spring2023/BigData/finalCodeDrop/profiling_code/nicole&seoeun'. The most common cause for this problem is that the editor was opened in the wrong working directory, for example if you use sbt then the workspace directory should contain build.sbt. 
2023.04.23 18:13:53 WARN  no build target for: /Users/seoeunhong/Desktop/NYU/Spring2023/BigData/finalCodeDrop/profiling_code/nicole&seoeun/economics_data_profile_before_clean.scala
2023.04.23 18:13:54 INFO  no build target found for /Users/seoeunhong/Desktop/NYU/Spring2023/BigData/finalCodeDrop/profiling_code/nicole&seoeun/economics_data_profile_before_clean.scala. Using presentation compiler with project's scala-library version: 3.2.2
2023.04.23 18:13:54 INFO  Shutting down server
2023.04.23 18:13:54 INFO  shutting down Metals
Apr 23, 2023 6:13:55 PM org.flywaydb.core.internal.database.base.BaseDatabaseType createDatabase
INFO: Database: jdbc:h2:file:/Users/seoeunhong/Desktop/NYU/Spring2023/BigData/finalCodeDrop/profiling_code/nicole&seoeun/.metals/metals (H2 2.1)
Apr 23, 2023 6:13:55 PM org.flywaydb.core.internal.command.DbValidate validate
INFO: Successfully validated 4 migrations (execution time 00:00.002s)
Apr 23, 2023 6:13:55 PM org.flywaydb.core.internal.command.DbMigrate migrateGroup
INFO: Current version of schema "PUBLIC": 4
Apr 23, 2023 6:13:55 PM org.flywaydb.core.internal.command.DbMigrate logSummary
INFO: Schema "PUBLIC" is up to date. No migration necessary.
2023.04.23 18:13:55 INFO  Exiting server
2023.04.23 18:13:56 INFO  time: code lens generation in 2.71s
